<?xml version="1.0" encoding="UTF-8"?>
<!-- Generated by org.testng.reporters.JUnitReportReporter -->
<testsuite skipped="0" hostname="Onur-Mumcus-iMac.local" name="AutoSuggestive" tests="1" failures="0" timestamp="24 Jul 2019 05:00:38 GMT" time="0.382" errors="0">
  <testcase name="dropDown" time="0.382" classname="AutoSuggestive"/>
</testsuite> <!-- AutoSuggestive -->
