<?xml version="1.0" encoding="UTF-8"?>
<!-- Generated by org.testng.reporters.JUnitReportReporter -->
<testsuite skipped="0" hostname="Onur-Mumcus-iMac.local" name="EksiSozluk" tests="1" failures="0" timestamp="25 Jul 2019 02:43:22 GMT" time="5.843" errors="0">
  <testcase name="gundemListesi" time="5.843" classname="EksiSozluk"/>
</testsuite> <!-- EksiSozluk -->
