<?xml version="1.0" encoding="UTF-8"?>
<!-- Generated by org.testng.reporters.JUnitReportReporter -->
<testsuite skipped="0" hostname="Onur-Mumcus-iMac.local" name="herokuapp.iFrame" tests="1" failures="0" timestamp="26 Jul 2019 02:42:05 GMT" time="0.097" errors="0">
  <testcase name="deneme" time="0.097" classname="herokuapp.iFrame"/>
</testsuite> <!-- herokuapp.iFrame -->
