<?xml version="1.0" encoding="UTF-8"?>
<!-- Generated by org.testng.reporters.JUnitReportReporter -->
<testsuite skipped="0" hostname="Onur-Mumcus-iMac.local" name="iFrames" tests="1" failures="0" timestamp="20 Jul 2019 23:47:41 GMT" time="1.168" errors="0">
  <testcase name="actionDemo" time="1.168" classname="iFrames"/>
</testsuite> <!-- iFrames -->
