<?xml version="1.0" encoding="UTF-8"?>
<!-- Generated by org.testng.reporters.JUnitReportReporter -->
<testsuite skipped="0" hostname="DESKTOP-7M3VN73" name="herokuapp.FluentWait" tests="1" failures="0" timestamp="06 Aug 2019 01:46:26 GMT" time="0.091" errors="0">
  <testcase name="deneme" time="0.091" classname="herokuapp.FluentWait"/>
</testsuite> <!-- herokuapp.FluentWait -->
