<?xml version="1.0" encoding="UTF-8"?>
<!-- Generated by org.testng.reporters.JUnitReportReporter -->
<testsuite skipped="0" hostname="DESKTOP-7M3VN73" name="AutoIT" tests="1" failures="0" timestamp="27 Jul 2019 22:21:06 GMT" time="17.660" errors="0">
  <testcase name="deneme" time="17.660" classname="AutoIT"/>
</testsuite> <!-- AutoIT -->
