<?xml version="1.0" encoding="UTF-8"?>
<!-- Generated by org.testng.reporters.JUnitReportReporter -->
<testsuite skipped="0" hostname="Onur-Mumcus-iMac.local" name="Assignment7" tests="1" failures="0" timestamp="24 Jul 2019 05:34:39 GMT" time="4.242" errors="0">
  <testcase name="dropDown" time="4.242" classname="Assignment7"/>
</testsuite> <!-- Assignment7 -->
