<?xml version="1.0" encoding="UTF-8"?>
<!-- Generated by org.testng.reporters.JUnitReportReporter -->
<testsuite skipped="0" hostname="Onur-Mumcus-iMac.local" name="udemy.MultipleWindows" tests="1" failures="0" timestamp="06 Aug 2019 04:22:08 GMT" time="1.409" errors="0">
  <testcase name="deneme" time="1.409" classname="udemy.MultipleWindows"/>
</testsuite> <!-- udemy.MultipleWindows -->
