<?xml version="1.0" encoding="UTF-8"?>
<!-- Generated by org.testng.reporters.JUnitReportReporter -->
<testsuite skipped="0" hostname="Onur-Mumcus-iMac.local" name="EksiSozluk" tests="1" failures="0" timestamp="29 Jul 2019 04:42:26 GMT" time="7.652" errors="0">
  <testcase name="gundemListesi" time="7.652" classname="EksiSozluk"/>
</testsuite> <!-- EksiSozluk -->
