<?xml version="1.0" encoding="UTF-8"?>
<!-- Generated by org.testng.reporters.JUnitReportReporter -->
<testsuite skipped="0" hostname="Onur-Mumcus-iMac.local" name="TableGrid" tests="1" failures="0" timestamp="25 Jul 2019 03:23:15 GMT" time="0.557" errors="0">
  <testcase name="tableBul" time="0.557" classname="TableGrid"/>
</testsuite> <!-- TableGrid -->
