<?xml version="1.0" encoding="UTF-8"?>
<!-- Generated by org.testng.reporters.JUnitReportReporter -->
<testsuite skipped="0" hostname="Onur-Mumcus-iMac.local" name="MultipleWindows" tests="1" failures="0" timestamp="21 Jul 2019 21:40:52 GMT" time="2.886" errors="0">
  <testcase name="switchFrame" time="2.886" classname="MultipleWindows"/>
</testsuite> <!-- MultipleWindows -->
