<?xml version="1.0" encoding="UTF-8"?>
<!-- Generated by org.testng.reporters.JUnitReportReporter -->
<testsuite skipped="0" hostname="Onur-Mumcus-iMac.local" name="miscellaneous.TableSort" tests="1" failures="0" timestamp="05 Aug 2019 06:16:29 GMT" time="1.739" errors="0">
  <testcase name="sortColumn" time="1.739" classname="miscellaneous.TableSort"/>
</testsuite> <!-- miscellaneous.TableSort -->
