<?xml version="1.0" encoding="UTF-8"?>
<!-- Generated by org.testng.reporters.JUnitReportReporter -->
<testsuite skipped="0" hostname="Onur-Mumcus-iMac.local" name="EksiSozluk" tests="1" failures="0" timestamp="24 Jul 2019 03:53:29 GMT" time="6.664" errors="0">
  <testcase name="gundemListesi" time="6.664" classname="EksiSozluk"/>
</testsuite> <!-- EksiSozluk -->
