<?xml version="1.0" encoding="UTF-8"?>
<!-- Generated by org.testng.reporters.JUnitReportReporter -->
<testsuite skipped="0" hostname="Onur-Mumcus-iMac.local" name="EksiSozluk" tests="1" failures="0" timestamp="05 Aug 2019 07:49:24 GMT" time="5.930" errors="0">
  <testcase name="gundemListesi" time="5.930" classname="EksiSozluk"/>
</testsuite> <!-- EksiSozluk -->
