<?xml version="1.0" encoding="UTF-8"?>
<!-- Generated by org.testng.reporters.JUnitReportReporter -->
<testsuite skipped="0" hostname="Onur-Mumcus-iMac.local" name="EksiSozluk" tests="1" failures="0" timestamp="09 Aug 2019 07:26:56 GMT" time="6.305" errors="0">
  <testcase name="gundemListesi" time="6.305" classname="EksiSozluk"/>
</testsuite> <!-- EksiSozluk -->
