<?xml version="1.0" encoding="UTF-8"?>
<!-- Generated by org.testng.reporters.JUnitReportReporter -->
<testsuite skipped="0" hostname="Onur-Mumcus-iMac.local" name="FrameInFrame" tests="1" failures="0" timestamp="24 Jul 2019 00:31:30 GMT" time="2.522" errors="0">
  <testcase name="linksOnFrames" time="2.522" classname="FrameInFrame"/>
</testsuite> <!-- FrameInFrame -->
