<?xml version="1.0" encoding="UTF-8"?>
<!-- Generated by org.testng.reporters.JUnitReportReporter -->
<testsuite skipped="0" hostname="Onur-Mumcus-iMac.local" name="iFrames" tests="1" failures="0" timestamp="21 Jul 2019 00:03:37 GMT" time="1.260" errors="0">
  <testcase name="dragAndDrop" time="1.260" classname="iFrames"/>
</testsuite> <!-- iFrames -->
