<?xml version="1.0" encoding="UTF-8"?>
<!-- Generated by org.testng.reporters.JUnitReportReporter -->
<testsuite skipped="0" hostname="Onur-Mumcus-iMac.local" name="AjaxMouseInteraction" tests="1" failures="0" timestamp="20 Jul 2019 21:33:36 GMT" time="2.661" errors="0">
  <testcase name="actionDemo" time="2.661" classname="AjaxMouseInteraction"/>
</testsuite> <!-- AjaxMouseInteraction -->
