<?xml version="1.0" encoding="UTF-8"?>
<!-- Generated by org.testng.reporters.JUnitReportReporter -->
<testsuite skipped="0" hostname="Onur-Mumcus-iMac.local" name="udemy.PopUp" tests="1" failures="0" timestamp="26 Jul 2019 04:21:52 GMT" time="0.009" errors="0">
  <testcase name="deneme" time="0.009" classname="udemy.PopUp"/>
</testsuite> <!-- udemy.PopUp -->
