<?xml version="1.0" encoding="UTF-8"?>
<!-- Generated by org.testng.reporters.JUnitReportReporter -->
<testsuite skipped="0" hostname="Onur-Mumcus-iMac.local" name="Calendar" tests="1" failures="0" timestamp="22 Jul 2019 03:42:18 GMT" time="6.294" errors="0">
  <testcase name="findDate" time="6.294" classname="Calendar"/>
</testsuite> <!-- Calendar -->
