<?xml version="1.0" encoding="UTF-8"?>
<!-- Generated by org.testng.reporters.JUnitReportReporter -->
<testsuite skipped="0" hostname="Onur-Mumcus-iMac.local" name="Miscellenaous" tests="1" failures="0" timestamp="23 Jul 2019 05:41:01 GMT" time="2.442" errors="0">
  <testcase name="bilmiyorum" time="2.442" classname="Miscellenaous"/>
</testsuite> <!-- Miscellenaous -->
