<?xml version="1.0" encoding="UTF-8"?>
<!-- Generated by org.testng.reporters.JUnitReportReporter -->
<testsuite skipped="0" hostname="DESKTOP-7M3VN73" name="herokuapp.FluentWaitDemo" tests="1" failures="0" timestamp="06 Aug 2019 02:16:25 GMT" time="6.252" errors="0">
  <testcase name="deneme" time="6.252" classname="herokuapp.FluentWaitDemo"/>
</testsuite> <!-- herokuapp.FluentWaitDemo -->
