<?xml version="1.0" encoding="UTF-8"?>
<!-- Generated by org.testng.reporters.JUnitReportReporter -->
<testsuite skipped="0" hostname="DESKTOP-7M3VN73" name="herokuapp.WebDriverWaitDemo" tests="1" failures="0" timestamp="06 Aug 2019 02:23:21 GMT" time="5.238" errors="0">
  <testcase name="deneme" time="5.238" classname="herokuapp.WebDriverWaitDemo"/>
</testsuite> <!-- herokuapp.WebDriverWaitDemo -->
